# JRE version: Java(TM) SE Runtime Environment (8.0_261-b12) (build 1.8.0_261-b12)
# Java VM: Java HotSpot(TM) 64-Bit Server VM (25.261-b12 mixed mode windows-amd64 compressed oops)
Heap:
 PSYoungGen      total 120320K, used 7381K [0x00000000d6e00000, 0x00000000e5280000, 0x0000000100000000)
  eden space 115200K, 1% used [0x00000000d6e00000,0x00000000d7037800,0x00000000dde80000)
  from space 5120K, 99% used [0x00000000def00000,0x00000000df3fdf78,0x00000000df400000)
  to   space 16896K, 0% used [0x00000000dde80000,0x00000000dde80000,0x00000000def00000)
 ParOldGen       total 64512K, used 27487K [0x0000000084a00000, 0x0000000088900000, 0x00000000d6e00000)
  object space 64512K, 42% used [0x0000000084a00000,0x00000000864d7f60,0x0000000088900000)
 Metaspace       used 24925K, capacity 25598K, committed 25648K, reserved 1071104K
  class space    used 2906K, capacity 3071K, committed 3120K, reserved 1048576K
GC Heap History (10 events):
Event: 7.490 GC heap before
{Heap before GC invocations=3 (full 0):
 PSYoungGen      total 68608K, used 68586K [0x00000000d6e00000, 0x00000000db600000, 0x0000000100000000)
  eden space 63488K, 100% used [0x00000000d6e00000,0x00000000dac00000,0x00000000dac00000)
  from space 5120K, 99% used [0x00000000db100000,0x00000000db5fa868,0x00000000db600000)
  to   space 5120K, 0% used [0x00000000dac00000,0x00000000dac00000,0x00000000db100000)
 ParOldGen       total 84992K, used 1489K [0x0000000084a00000, 0x0000000089d00000, 0x00000000d6e00000)
  object space 84992K, 1% used [0x0000000084a00000,0x0000000084b74620,0x0000000089d00000)
 Metaspace       used 16228K, capacity 16610K, committed 16896K, reserved 1064960K
  class space    used 1938K, capacity 2042K, committed 2048K, reserved 1048576K
Event: 7.588 GC heap after
Heap after GC invocations=3 (full 0):
 PSYoungGen      total 68608K, used 5112K [0x00000000d6e00000, 0x00000000df400000, 0x0000000100000000)
  eden space 63488K, 0% used [0x00000000d6e00000,0x00000000d6e00000,0x00000000dac00000)
  from space 5120K, 99% used [0x00000000dac00000,0x00000000db0fe030,0x00000000db100000)
  to   space 5120K, 0% used [0x00000000def00000,0x00000000def00000,0x00000000df400000)
 ParOldGen       total 84992K, used 8432K [0x0000000084a00000, 0x0000000089d00000, 0x00000000d6e00000)
  object space 84992K, 9% used [0x0000000084a00000,0x000000008523c3f8,0x0000000089d00000)
 Metaspace       used 16228K, capacity 16610K, committed 16896K, reserved 1064960K
  class space    used 1938K, capacity 2042K, committed 2048K, reserved 1048576K
}
Event: 12.906 GC heap before
{Heap before GC invocations=4 (full 0):
 PSYoungGen      total 68608K, used 68600K [0x00000000d6e00000, 0x00000000df400000, 0x0000000100000000)
  eden space 63488K, 100% used [0x00000000d6e00000,0x00000000dac00000,0x00000000dac00000)
  from space 5120K, 99% used [0x00000000dac00000,0x00000000db0fe030,0x00000000db100000)
  to   space 5120K, 0% used [0x00000000def00000,0x00000000def00000,0x00000000df400000)
 ParOldGen       total 84992K, used 8432K [0x0000000084a00000, 0x0000000089d00000, 0x00000000d6e00000)
  object space 84992K, 9% used [0x0000000084a00000,0x000000008523c3f8,0x0000000089d00000)
 Metaspace       used 16908K, capacity 17302K, committed 17536K, reserved 1064960K
  class space    used 1960K, capacity 2050K, committed 2176K, reserved 1048576K
Event: 12.933 GC heap after
Heap after GC invocations=4 (full 0):
 PSYoungGen      total 132096K, used 5096K [0x00000000d6e00000, 0x00000000df400000, 0x0000000100000000)
  eden space 126976K, 0% used [0x00000000d6e00000,0x00000000d6e00000,0x00000000dea00000)
  from space 5120K, 99% used [0x00000000def00000,0x00000000df3fa040,0x00000000df400000)
  to   space 5120K, 0% used [0x00000000dea00000,0x00000000dea00000,0x00000000def00000)
 ParOldGen       total 84992K, used 11121K [0x0000000084a00000, 0x0000000089d00000, 0x00000000d6e00000)
  object space 84992K, 13% used [0x0000000084a00000,0x00000000854dc640,0x0000000089d00000)
 Metaspace       used 16908K, capacity 17302K, committed 17536K, reserved 1064960K
  class space    used 1960K, capacity 2050K, committed 2176K, reserved 1048576K
}
Event: 16.192 GC heap before
{Heap before GC invocations=5 (full 0):
 PSYoungGen      total 132096K, used 50228K [0x00000000d6e00000, 0x00000000df400000, 0x0000000100000000)
  eden space 126976K, 35% used [0x00000000d6e00000,0x00000000d9a131e8,0x00000000dea00000)
  from space 5120K, 99% used [0x00000000def00000,0x00000000df3fa040,0x00000000df400000)
  to   space 5120K, 0% used [0x00000000dea00000,0x00000000dea00000,0x00000000def00000)
 ParOldGen       total 84992K, used 11121K [0x0000000084a00000, 0x0000000089d00000, 0x00000000d6e00000)
  object space 84992K, 13% used [0x0000000084a00000,0x00000000854dc640,0x0000000089d00000)
 Metaspace       used 20751K, capacity 21198K, committed 21296K, reserved 1069056K
  class space    used 2460K, capacity 2586K, committed 2608K, reserved 1048576K
Event: 16.240 GC heap after
Heap after GC invocations=5 (full 0):
 PSYoungGen      total 132096K, used 5112K [0x00000000d6e00000, 0x00000000df400000, 0x0000000100000000)
  eden space 126976K, 0% used [0x00000000d6e00000,0x00000000d6e00000,0x00000000dea00000)
  from space 5120K, 99% used [0x00000000dea00000,0x00000000deefe030,0x00000000def00000)
  to   space 5120K, 0% used [0x00000000def00000,0x00000000def00000,0x00000000df400000)
 ParOldGen       total 84992K, used 14599K [0x0000000084a00000, 0x0000000089d00000, 0x00000000d6e00000)
  object space 84992K, 17% used [0x0000000084a00000,0x0000000085841e88,0x0000000089d00000)
 Metaspace       used 20751K, capacity 21198K, committed 21296K, reserved 1069056K
  class space    used 2460K, capacity 2586K, committed 2608K, reserved 1048576K
}
Event: 16.240 GC heap before
{Heap before GC invocations=6 (full 1):
 PSYoungGen      total 132096K, used 5112K [0x00000000d6e00000, 0x00000000df400000, 0x0000000100000000)
  eden space 126976K, 0% used [0x00000000d6e00000,0x00000000d6e00000,0x00000000dea00000)
  from space 5120K, 99% used [0x00000000dea00000,0x00000000deefe030,0x00000000def00000)
  to   space 5120K, 0% used [0x00000000def00000,0x00000000def00000,0x00000000df400000)
 ParOldGen       total 84992K, used 14599K [0x0000000084a00000, 0x0000000089d00000, 0x00000000d6e00000)
  object space 84992K, 17% used [0x0000000084a00000,0x0000000085841e88,0x0000000089d00000)
 Metaspace       used 20751K, capacity 21198K, committed 21296K, reserved 1069056K
  class space    used 2460K, capacity 2586K, committed 2608K, reserved 1048576K
Event: 16.403 GC heap after
Heap after GC invocations=6 (full 1):
 PSYoungGen      total 132096K, used 0K [0x00000000d6e00000, 0x00000000df400000, 0x0000000100000000)
  eden space 126976K, 0% used [0x00000000d6e00000,0x00000000d6e00000,0x00000000dea00000)
  from space 5120K, 0% used [0x00000000dea00000,0x00000000dea00000,0x00000000def00000)
  to   space 5120K, 0% used [0x00000000def00000,0x00000000def00000,0x00000000df400000)
 ParOldGen       total 64512K, used 13923K [0x0000000084a00000, 0x0000000088900000, 0x00000000d6e00000)
  object space 64512K, 21% used [0x0000000084a00000,0x0000000085798ee8,0x0000000088900000)
 Metaspace       used 20751K, capacity 21198K, committed 21296K, reserved 1069056K
  class space    used 2460K, capacity 2586K, committed 2608K, reserved 1048576K
}
Event: 24.516 GC heap before
{Heap before GC invocations=7 (full 1):
 PSYoungGen      total 132096K, used 126976K [0x00000000d6e00000, 0x00000000df400000, 0x0000000100000000)
  eden space 126976K, 100% used [0x00000000d6e00000,0x00000000dea00000,0x00000000dea00000)
  from space 5120K, 0% used [0x00000000dea00000,0x00000000dea00000,0x00000000def00000)
  to   space 5120K, 0% used [0x00000000def00000,0x00000000def00000,0x00000000df400000)
 ParOldGen       total 64512K, used 13923K [0x0000000084a00000, 0x0000000088900000, 0x00000000d6e00000)
  object space 64512K, 21% used [0x0000000084a00000,0x0000000085798ee8,0x0000000088900000)
 Metaspace       used 24925K, capacity 25598K, committed 25648K, reserved 1071104K
  class space    used 2906K, capacity 3071K, committed 3120K, reserved 1048576K
Event: 24.553 GC heap after
Heap after GC invocations=7 (full 1):
 PSYoungGen      total 120320K, used 5111K [0x00000000d6e00000, 0x00000000e5280000, 0x0000000100000000)
  eden space 115200K, 0% used [0x00000000d6e00000,0x00000000d6e00000,0x00000000dde80000)
  from space 5120K, 99% used [0x00000000def00000,0x00000000df3fdf78,0x00000000df400000)
  to   space 16896K, 0% used [0x00000000dde80000,0x00000000dde80000,0x00000000def00000)
 ParOldGen       total 64512K, used 27487K [0x0000000084a00000, 0x0000000088900000, 0x00000000d6e00000)
  object space 64512K, 42% used [0x0000000084a00000,0x00000000864d7f60,0x0000000088900000)
 Metaspace       used 24925K, capacity 25598K, committed 25648K, reserved 1071104K
  class space    used 2906K, capacity 3071K, committed 3120K, reserved 1048576K
}

